2026-04-02 08:11:44 [main] INFO  c.V.W.WigellMcRentalApplication - Starting WigellMcRentalApplication using Java 24.0.2 with PID 47988 (C:\Users\Vivi\IdeaProjects\CGrupp\Wigell-MC-Rental\target\classes started by Vivi in C:\Users\Vivi\IdeaProjects\CGrupp\Wigell-MC-Rental)
2026-04-02 08:11:44 [main] INFO  c.V.W.WigellMcRentalApplication - No active profile set, falling back to 1 default profile: "default"
2026-04-02 08:11:46 [main] INFO  o.s.d.r.c.RepositoryConfigurationDelegate - Bootstrapping Spring Data JPA repositories in DEFAULT mode.
2026-04-02 08:11:46 [main] INFO  o.s.d.r.c.RepositoryConfigurationDelegate - Finished Spring Data repository scanning in 148 ms. Found 4 JPA repository interfaces.
2026-04-02 08:11:47 [main] INFO  o.s.b.w.e.tomcat.TomcatWebServer - Tomcat initialized with port 8080 (http)
2026-04-02 08:11:47 [main] INFO  o.a.catalina.core.StandardService - Starting service [Tomcat]
2026-04-02 08:11:47 [main] INFO  o.a.catalina.core.StandardEngine - Starting Servlet engine: [Apache Tomcat/10.1.52]
2026-04-02 08:11:47 [main] INFO  o.a.c.c.C.[Tomcat].[localhost].[/] - Initializing Spring embedded WebApplicationContext
2026-04-02 08:11:47 [main] INFO  o.s.b.w.s.c.ServletWebServerApplicationContext - Root WebApplicationContext: initialization completed in 3297 ms
2026-04-02 08:11:49 [main] INFO  o.h.jpa.internal.util.LogHelper - HHH000204: Processing PersistenceUnitInfo [name: default]
2026-04-02 08:11:49 [main] INFO  org.hibernate.Version - HHH000412: Hibernate ORM core version 6.6.44.Final
2026-04-02 08:11:49 [main] INFO  o.h.c.i.RegionFactoryInitiator - HHH000026: Second-level cache disabled
2026-04-02 08:11:50 [main] INFO  o.s.o.j.p.SpringPersistenceUnitInfo - No LoadTimeWeaver setup: ignoring JPA class transformer
2026-04-02 08:11:50 [main] INFO  com.zaxxer.hikari.HikariDataSource - HikariPool-1 - Starting...
2026-04-02 08:11:50 [main] INFO  com.zaxxer.hikari.pool.HikariPool - HikariPool-1 - Added connection com.mysql.cj.jdbc.ConnectionImpl@629600d7
2026-04-02 08:11:50 [main] INFO  com.zaxxer.hikari.HikariDataSource - HikariPool-1 - Start completed.
2026-04-02 08:11:50 [main] WARN  org.hibernate.orm.deprecation - HHH90000025: MySQLDialect does not need to be specified explicitly using 'hibernate.dialect' (remove the property setting and it will be selected by default)
2026-04-02 08:11:50 [main] INFO  o.hibernate.orm.connections.pooling - HHH10001005: Database info:
	Database JDBC URL [Connecting through datasource 'HikariDataSource (HikariPool-1)']
	Database driver: undefined/unknown
	Database version: 8.0.44
	Autocommit mode: undefined/unknown
	Isolation level: undefined/unknown
	Minimum pool size: undefined/unknown
	Maximum pool size: undefined/unknown
2026-04-02 08:11:52 [main] INFO  o.h.e.t.j.p.i.JtaPlatformInitiator - HHH000489: No JTA platform available (set 'hibernate.transaction.jta.platform' to enable JTA platform integration)
2026-04-02 08:11:52 [main] INFO  o.s.o.j.LocalContainerEntityManagerFactoryBean - Initialized JPA EntityManagerFactory for persistence unit 'default'
2026-04-02 08:11:52 [main] WARN  o.s.b.w.s.c.AnnotationConfigServletWebServerApplicationContext - Exception encountered during context initialization - cancelling refresh attempt: org.springframework.beans.factory.BeanCreationException: Error creating bean with name 'keycloakConfiguration': Injection of autowired dependencies failed
2026-04-02 08:11:52 [main] INFO  o.s.o.j.LocalContainerEntityManagerFactoryBean - Closing JPA EntityManagerFactory for persistence unit 'default'
2026-04-02 08:11:52 [main] INFO  com.zaxxer.hikari.HikariDataSource - HikariPool-1 - Shutdown initiated...
2026-04-02 08:11:52 [main] INFO  com.zaxxer.hikari.HikariDataSource - HikariPool-1 - Shutdown completed.
2026-04-02 08:11:52 [main] INFO  o.a.catalina.core.StandardService - Stopping service [Tomcat]
2026-04-02 08:11:52 [main] INFO  o.s.b.a.l.ConditionEvaluationReportLogger - 

Error starting ApplicationContext. To display the condition evaluation report re-run your application with 'debug' enabled.
2026-04-02 08:11:52 [main] ERROR o.s.boot.SpringApplication - Application run failed
org.springframework.beans.factory.BeanCreationException: Error creating bean with name 'keycloakConfiguration': Injection of autowired dependencies failed
	at org.springframework.beans.factory.annotation.AutowiredAnnotationBeanPostProcessor.postProcessProperties(AutowiredAnnotationBeanPostProcessor.java:515)
	at org.springframework.beans.factory.support.AbstractAutowireCapableBeanFactory.populateBean(AbstractAutowireCapableBeanFactory.java:1459)
	at org.springframework.beans.factory.support.AbstractAutowireCapableBeanFactory.doCreateBean(AbstractAutowireCapableBeanFactory.java:606)
	at org.springframework.beans.factory.support.AbstractAutowireCapableBeanFactory.createBean(AbstractAutowireCapableBeanFactory.java:529)
	at org.springframework.beans.factory.support.AbstractBeanFactory.lambda$doGetBean$0(AbstractBeanFactory.java:339)
	at org.springframework.beans.factory.support.DefaultSingletonBeanRegistry.getSingleton(DefaultSingletonBeanRegistry.java:373)
	at org.springframework.beans.factory.support.AbstractBeanFactory.doGetBean(AbstractBeanFactory.java:337)
	at org.springframework.beans.factory.support.AbstractBeanFactory.getBean(AbstractBeanFactory.java:202)
	at org.springframework.beans.factory.support.DefaultListableBeanFactory.instantiateSingleton(DefaultListableBeanFactory.java:1228)
	at org.springframework.beans.factory.support.DefaultListableBeanFactory.preInstantiateSingleton(DefaultListableBeanFactory.java:1194)
	at org.springframework.beans.factory.support.DefaultListableBeanFactory.preInstantiateSingletons(DefaultListableBeanFactory.java:1130)
	at org.springframework.context.support.AbstractApplicationContext.finishBeanFactoryInitialization(AbstractApplicationContext.java:991)
	at org.springframework.context.support.AbstractApplicationContext.refresh(AbstractApplicationContext.java:628)
	at org.springframework.boot.web.servlet.context.ServletWebServerApplicationContext.refresh(ServletWebServerApplicationContext.java:146)
	at org.springframework.boot.SpringApplication.refresh(SpringApplication.java:752)
	at org.springframework.boot.SpringApplication.refreshContext(SpringApplication.java:439)
	at org.springframework.boot.SpringApplication.run(SpringApplication.java:318)
	at org.springframework.boot.SpringApplication.run(SpringApplication.java:1361)
	at org.springframework.boot.SpringApplication.run(SpringApplication.java:1350)
	at com.Vivianne.Wigell_MC_Rental.WigellMcRentalApplication.main(WigellMcRentalApplication.java:10)
Caused by: org.springframework.util.PlaceholderResolutionException: Could not resolve placeholder 'keycloak.admin.server-url' in value "${keycloak.admin.server-url}"
	at org.springframework.util.PlaceholderResolutionException.withValue(PlaceholderResolutionException.java:81)
	at org.springframework.util.PlaceholderParser$ParsedValue.resolve(PlaceholderParser.java:298)
	at org.springframework.util.PlaceholderParser.replacePlaceholders(PlaceholderParser.java:131)
	at org.springframework.util.PropertyPlaceholderHelper.replacePlaceholders(PropertyPlaceholderHelper.java:114)
	at org.springframework.core.env.AbstractPropertyResolver.doResolvePlaceholders(AbstractPropertyResolver.java:293)
	at org.springframework.core.env.AbstractPropertyResolver.resolveRequiredPlaceholders(AbstractPropertyResolver.java:264)
	at org.springframework.context.support.PropertySourcesPlaceholderConfigurer.lambda$processProperties$0(PropertySourcesPlaceholderConfigurer.java:186)
	at org.springframework.beans.factory.support.AbstractBeanFactory.resolveEmbeddedValue(AbstractBeanFactory.java:970)
	at org.springframework.beans.factory.support.DefaultListableBeanFactory.doResolveDependency(DefaultListableBeanFactory.java:1675)
	at org.springframework.beans.factory.support.DefaultListableBeanFactory.resolveDependency(DefaultListableBeanFactory.java:1653)
	at org.springframework.beans.factory.annotation.AutowiredAnnotationBeanPostProcessor$AutowiredFieldElement.resolveFieldValue(AutowiredAnnotationBeanPostProcessor.java:784)
	at org.springframework.beans.factory.annotation.AutowiredAnnotationBeanPostProcessor$AutowiredFieldElement.inject(AutowiredAnnotationBeanPostProcessor.java:767)
	at org.springframework.beans.factory.annotation.InjectionMetadata.inject(InjectionMetadata.java:146)
	at org.springframework.beans.factory.annotation.AutowiredAnnotationBeanPostProcessor.postProcessProperties(AutowiredAnnotationBeanPostProcessor.java:509)
	... 19 common frames omitted
2026-04-02 08:12:29 [main] INFO  c.V.W.WigellMcRentalApplication - Starting WigellMcRentalApplication using Java 24.0.2 with PID 50320 (C:\Users\Vivi\IdeaProjects\CGrupp\Wigell-MC-Rental\target\classes started by Vivi in C:\Users\Vivi\IdeaProjects\CGrupp\Wigell-MC-Rental)
2026-04-02 08:12:29 [main] INFO  c.V.W.WigellMcRentalApplication - No active profile set, falling back to 1 default profile: "default"
2026-04-02 08:12:31 [main] INFO  o.s.d.r.c.RepositoryConfigurationDelegate - Bootstrapping Spring Data JPA repositories in DEFAULT mode.
2026-04-02 08:12:31 [main] INFO  o.s.d.r.c.RepositoryConfigurationDelegate - Finished Spring Data repository scanning in 54 ms. Found 4 JPA repository interfaces.
2026-04-02 08:12:31 [main] INFO  o.s.b.w.e.tomcat.TomcatWebServer - Tomcat initialized with port 8080 (http)
2026-04-02 08:12:32 [main] INFO  o.a.catalina.core.StandardService - Starting service [Tomcat]
2026-04-02 08:12:32 [main] INFO  o.a.catalina.core.StandardEngine - Starting Servlet engine: [Apache Tomcat/10.1.52]
2026-04-02 08:12:32 [main] INFO  o.a.c.c.C.[Tomcat].[localhost].[/] - Initializing Spring embedded WebApplicationContext
2026-04-02 08:12:32 [main] INFO  o.s.b.w.s.c.ServletWebServerApplicationContext - Root WebApplicationContext: initialization completed in 2239 ms
2026-04-02 08:12:32 [main] INFO  o.h.jpa.internal.util.LogHelper - HHH000204: Processing PersistenceUnitInfo [name: default]
2026-04-02 08:12:32 [main] INFO  org.hibernate.Version - HHH000412: Hibernate ORM core version 6.6.44.Final
2026-04-02 08:12:32 [main] INFO  o.h.c.i.RegionFactoryInitiator - HHH000026: Second-level cache disabled
2026-04-02 08:12:32 [main] INFO  o.s.o.j.p.SpringPersistenceUnitInfo - No LoadTimeWeaver setup: ignoring JPA class transformer
2026-04-02 08:12:32 [main] INFO  com.zaxxer.hikari.HikariDataSource - HikariPool-1 - Starting...
2026-04-02 08:12:33 [main] INFO  com.zaxxer.hikari.pool.HikariPool - HikariPool-1 - Added connection com.mysql.cj.jdbc.ConnectionImpl@37c5b8e8
2026-04-02 08:12:33 [main] INFO  com.zaxxer.hikari.HikariDataSource - HikariPool-1 - Start completed.
2026-04-02 08:12:33 [main] WARN  org.hibernate.orm.deprecation - HHH90000025: MySQLDialect does not need to be specified explicitly using 'hibernate.dialect' (remove the property setting and it will be selected by default)
2026-04-02 08:12:33 [main] INFO  o.hibernate.orm.connections.pooling - HHH10001005: Database info:
	Database JDBC URL [Connecting through datasource 'HikariDataSource (HikariPool-1)']
	Database driver: undefined/unknown
	Database version: 8.0.44
	Autocommit mode: undefined/unknown
	Isolation level: undefined/unknown
	Minimum pool size: undefined/unknown
	Maximum pool size: undefined/unknown
2026-04-02 08:12:34 [main] INFO  o.h.e.t.j.p.i.JtaPlatformInitiator - HHH000489: No JTA platform available (set 'hibernate.transaction.jta.platform' to enable JTA platform integration)
2026-04-02 08:12:34 [main] INFO  o.s.o.j.LocalContainerEntityManagerFactoryBean - Initialized JPA EntityManagerFactory for persistence unit 'default'
2026-04-02 08:12:35 [main] WARN  o.s.b.a.o.j.JpaBaseConfiguration$JpaWebConfiguration - spring.jpa.open-in-view is enabled by default. Therefore, database queries may be performed during view rendering. Explicitly configure spring.jpa.open-in-view to disable this warning
2026-04-02 08:12:35 [main] INFO  o.s.b.a.e.web.EndpointLinksResolver - Exposing 1 endpoint beneath base path '/actuator'
2026-04-02 08:12:36 [main] INFO  o.s.b.w.e.tomcat.TomcatWebServer - Tomcat started on port 8080 (http) with context path '/'
2026-04-02 08:12:36 [main] INFO  c.V.W.WigellMcRentalApplication - Started WigellMcRentalApplication in 7.34 seconds (process running for 8.616)
2026-04-02 08:12:36 [RMI TCP Connection(1)-192.168.0.201] INFO  o.a.c.c.C.[Tomcat].[localhost].[/] - Initializing Spring DispatcherServlet 'dispatcherServlet'
2026-04-02 08:12:36 [RMI TCP Connection(1)-192.168.0.201] INFO  o.s.web.servlet.DispatcherServlet - Initializing Servlet 'dispatcherServlet'
2026-04-02 08:12:36 [RMI TCP Connection(1)-192.168.0.201] INFO  o.s.web.servlet.DispatcherServlet - Completed initialization in 3 ms
2026-04-02 08:12:40 [SpringApplicationShutdownHook] INFO  o.s.b.w.e.tomcat.GracefulShutdown - Commencing graceful shutdown. Waiting for active requests to complete
2026-04-02 08:12:40 [tomcat-shutdown] INFO  o.s.b.w.e.tomcat.GracefulShutdown - Graceful shutdown complete
2026-04-02 08:12:40 [SpringApplicationShutdownHook] INFO  o.s.o.j.LocalContainerEntityManagerFactoryBean - Closing JPA EntityManagerFactory for persistence unit 'default'
2026-04-02 08:12:40 [SpringApplicationShutdownHook] INFO  com.zaxxer.hikari.HikariDataSource - HikariPool-1 - Shutdown initiated...
2026-04-02 08:12:40 [SpringApplicationShutdownHook] INFO  com.zaxxer.hikari.HikariDataSource - HikariPool-1 - Shutdown completed.
2026-04-02 08:53:32 [main] INFO  c.V.W.WigellMcRentalApplication - Starting WigellMcRentalApplication using Java 24.0.2 with PID 44744 (C:\Users\Vivi\IdeaProjects\CGrupp\Wigell-MC-Rental\target\classes started by Vivi in C:\Users\Vivi\IdeaProjects\CGrupp\Wigell-MC-Rental)
2026-04-02 08:53:32 [main] INFO  c.V.W.WigellMcRentalApplication - No active profile set, falling back to 1 default profile: "default"
2026-04-02 08:53:34 [main] WARN  o.s.b.w.s.c.AnnotationConfigServletWebServerApplicationContext - Exception encountered during context initialization - cancelling refresh attempt: org.springframework.beans.factory.BeanDefinitionStoreException: Failed to process import candidates for configuration class [com.Vivianne.Wigell_MC_Rental.WigellMcRentalApplication]: Error processing condition on org.springframework.boot.actuate.autoconfigure.audit.AuditEventsEndpointAutoConfiguration
2026-04-02 08:53:34 [main] INFO  o.s.b.a.l.ConditionEvaluationReportLogger - 

Error starting ApplicationContext. To display the condition evaluation report re-run your application with 'debug' enabled.
2026-04-02 08:53:34 [main] ERROR o.s.boot.SpringApplication - Application run failed
org.springframework.beans.factory.BeanDefinitionStoreException: Failed to process import candidates for configuration class [com.Vivianne.Wigell_MC_Rental.WigellMcRentalApplication]: Error processing condition on org.springframework.boot.actuate.autoconfigure.audit.AuditEventsEndpointAutoConfiguration
	at org.springframework.context.annotation.ConfigurationClassParser.processImports(ConfigurationClassParser.java:627)
	at org.springframework.context.annotation.ConfigurationClassParser$DeferredImportSelectorGroupingHandler.lambda$processGroupImports$1(ConfigurationClassParser.java:850)
	at java.base/java.lang.Iterable.forEach(Iterable.java:75)
	at org.springframework.context.annotation.ConfigurationClassParser$DeferredImportSelectorGroupingHandler.processGroupImports(ConfigurationClassParser.java:847)
	at org.springframework.context.annotation.ConfigurationClassParser$DeferredImportSelectorHandler.process(ConfigurationClassParser.java:817)
	at org.springframework.context.annotation.ConfigurationClassParser.parse(ConfigurationClassParser.java:198)
	at org.springframework.context.annotation.ConfigurationClassPostProcessor.processConfigBeanDefinitions(ConfigurationClassPostProcessor.java:418)
	at org.springframework.context.annotation.ConfigurationClassPostProcessor.postProcessBeanDefinitionRegistry(ConfigurationClassPostProcessor.java:290)
	at org.springframework.context.support.PostProcessorRegistrationDelegate.invokeBeanDefinitionRegistryPostProcessors(PostProcessorRegistrationDelegate.java:349)
	at org.springframework.context.support.PostProcessorRegistrationDelegate.invokeBeanFactoryPostProcessors(PostProcessorRegistrationDelegate.java:118)
	at org.springframework.context.support.AbstractApplicationContext.invokeBeanFactoryPostProcessors(AbstractApplicationContext.java:792)
	at org.springframework.context.support.AbstractApplicationContext.refresh(AbstractApplicationContext.java:610)
	at org.springframework.boot.web.servlet.context.ServletWebServerApplicationContext.refresh(ServletWebServerApplicationContext.java:146)
	at org.springframework.boot.SpringApplication.refresh(SpringApplication.java:752)
	at org.springframework.boot.SpringApplication.refreshContext(SpringApplication.java:439)
	at org.springframework.boot.SpringApplication.run(SpringApplication.java:318)
	at org.springframework.boot.SpringApplication.run(SpringApplication.java:1361)
	at org.springframework.boot.SpringApplication.run(SpringApplication.java:1350)
	at com.Vivianne.Wigell_MC_Rental.WigellMcRentalApplication.main(WigellMcRentalApplication.java:10)
Caused by: java.lang.IllegalStateException: Error processing condition on org.springframework.boot.actuate.autoconfigure.audit.AuditEventsEndpointAutoConfiguration
	at org.springframework.boot.autoconfigure.condition.SpringBootCondition.matches(SpringBootCondition.java:60)
	at org.springframework.context.annotation.ConditionEvaluator.shouldSkip(ConditionEvaluator.java:99)
	at org.springframework.context.annotation.ConfigurationClassParser.processConfigurationClass(ConfigurationClassParser.java:247)
	at org.springframework.context.annotation.ConfigurationClassParser.processImports(ConfigurationClassParser.java:617)
	... 18 common frames omitted
Caused by: java.lang.IllegalArgumentException: 'value' must only contain valid chars
	at org.springframework.util.Assert.isTrue(Assert.java:116)
	at org.springframework.boot.actuate.endpoint.EndpointId.<init>(EndpointId.java:58)
	at org.springframework.boot.actuate.endpoint.EndpointId.fromPropertyValue(EndpointId.java:146)
	at org.springframework.boot.actuate.autoconfigure.endpoint.expose.IncludeExcludeEndpointFilter$EndpointPatterns.<init>(IncludeExcludeEndpointFilter.java:165)
	at org.springframework.boot.actuate.autoconfigure.endpoint.expose.IncludeExcludeEndpointFilter.<init>(IncludeExcludeEndpointFilter.java:89)
	at org.springframework.boot.actuate.autoconfigure.endpoint.expose.IncludeExcludeEndpointFilter.<init>(IncludeExcludeEndpointFilter.java:64)
	at org.springframework.boot.actuate.autoconfigure.endpoint.condition.OnAvailableEndpointCondition$StandardExposureOutcomeContributor.<init>(OnAvailableEndpointCondition.java:207)
	at org.springframework.boot.actuate.autoconfigure.endpoint.condition.OnAvailableEndpointCondition.getExposureOutcomeContributors(OnAvailableEndpointCondition.java:174)
	at org.springframework.boot.actuate.autoconfigure.endpoint.condition.OnAvailableEndpointCondition.getExposureOutcome(OnAvailableEndpointCondition.java:144)
	at org.springframework.boot.actuate.autoconfigure.endpoint.condition.OnAvailableEndpointCondition.getMatchOutcome(OnAvailableEndpointCondition.java:121)
	at org.springframework.boot.actuate.autoconfigure.endpoint.condition.OnAvailableEndpointCondition.getMatchOutcome(OnAvailableEndpointCondition.java:78)
	at org.springframework.boot.autoconfigure.condition.SpringBootCondition.matches(SpringBootCondition.java:47)
	... 21 common frames omitted
2026-04-02 08:57:13 [main] INFO  c.V.W.WigellMcRentalApplication - Starting WigellMcRentalApplication using Java 24.0.2 with PID 49708 (C:\Users\Vivi\IdeaProjects\CGrupp\Wigell-MC-Rental\target\classes started by Vivi in C:\Users\Vivi\IdeaProjects\CGrupp\Wigell-MC-Rental)
2026-04-02 08:57:13 [main] INFO  c.V.W.WigellMcRentalApplication - No active profile set, falling back to 1 default profile: "default"
2026-04-02 08:57:15 [main] WARN  o.s.b.w.s.c.AnnotationConfigServletWebServerApplicationContext - Exception encountered during context initialization - cancelling refresh attempt: org.springframework.beans.factory.BeanDefinitionStoreException: Failed to process import candidates for configuration class [com.Vivianne.Wigell_MC_Rental.WigellMcRentalApplication]: Error processing condition on org.springframework.boot.actuate.autoconfigure.audit.AuditEventsEndpointAutoConfiguration
2026-04-02 08:57:15 [main] INFO  o.s.b.a.l.ConditionEvaluationReportLogger - 

Error starting ApplicationContext. To display the condition evaluation report re-run your application with 'debug' enabled.
2026-04-02 08:57:15 [main] ERROR o.s.boot.SpringApplication - Application run failed
org.springframework.beans.factory.BeanDefinitionStoreException: Failed to process import candidates for configuration class [com.Vivianne.Wigell_MC_Rental.WigellMcRentalApplication]: Error processing condition on org.springframework.boot.actuate.autoconfigure.audit.AuditEventsEndpointAutoConfiguration
	at org.springframework.context.annotation.ConfigurationClassParser.processImports(ConfigurationClassParser.java:627)
	at org.springframework.context.annotation.ConfigurationClassParser$DeferredImportSelectorGroupingHandler.lambda$processGroupImports$1(ConfigurationClassParser.java:850)
	at java.base/java.lang.Iterable.forEach(Iterable.java:75)
	at org.springframework.context.annotation.ConfigurationClassParser$DeferredImportSelectorGroupingHandler.processGroupImports(ConfigurationClassParser.java:847)
	at org.springframework.context.annotation.ConfigurationClassParser$DeferredImportSelectorHandler.process(ConfigurationClassParser.java:817)
	at org.springframework.context.annotation.ConfigurationClassParser.parse(ConfigurationClassParser.java:198)
	at org.springframework.context.annotation.ConfigurationClassPostProcessor.processConfigBeanDefinitions(ConfigurationClassPostProcessor.java:418)
	at org.springframework.context.annotation.ConfigurationClassPostProcessor.postProcessBeanDefinitionRegistry(ConfigurationClassPostProcessor.java:290)
	at org.springframework.context.support.PostProcessorRegistrationDelegate.invokeBeanDefinitionRegistryPostProcessors(PostProcessorRegistrationDelegate.java:349)
	at org.springframework.context.support.PostProcessorRegistrationDelegate.invokeBeanFactoryPostProcessors(PostProcessorRegistrationDelegate.java:118)
	at org.springframework.context.support.AbstractApplicationContext.invokeBeanFactoryPostProcessors(AbstractApplicationContext.java:792)
	at org.springframework.context.support.AbstractApplicationContext.refresh(AbstractApplicationContext.java:610)
	at org.springframework.boot.web.servlet.context.ServletWebServerApplicationContext.refresh(ServletWebServerApplicationContext.java:146)
	at org.springframework.boot.SpringApplication.refresh(SpringApplication.java:752)
	at org.springframework.boot.SpringApplication.refreshContext(SpringApplication.java:439)
	at org.springframework.boot.SpringApplication.run(SpringApplication.java:318)
	at org.springframework.boot.SpringApplication.run(SpringApplication.java:1361)
	at org.springframework.boot.SpringApplication.run(SpringApplication.java:1350)
	at com.Vivianne.Wigell_MC_Rental.WigellMcRentalApplication.main(WigellMcRentalApplication.java:12)
Caused by: java.lang.IllegalStateException: Error processing condition on org.springframework.boot.actuate.autoconfigure.audit.AuditEventsEndpointAutoConfiguration
	at org.springframework.boot.autoconfigure.condition.SpringBootCondition.matches(SpringBootCondition.java:60)
	at org.springframework.context.annotation.ConditionEvaluator.shouldSkip(ConditionEvaluator.java:99)
	at org.springframework.context.annotation.ConfigurationClassParser.processConfigurationClass(ConfigurationClassParser.java:247)
	at org.springframework.context.annotation.ConfigurationClassParser.processImports(ConfigurationClassParser.java:617)
	... 18 common frames omitted
Caused by: java.lang.IllegalArgumentException: 'value' must only contain valid chars
	at org.springframework.util.Assert.isTrue(Assert.java:116)
	at org.springframework.boot.actuate.endpoint.EndpointId.<init>(EndpointId.java:58)
	at org.springframework.boot.actuate.endpoint.EndpointId.fromPropertyValue(EndpointId.java:146)
	at org.springframework.boot.actuate.autoconfigure.endpoint.expose.IncludeExcludeEndpointFilter$EndpointPatterns.<init>(IncludeExcludeEndpointFilter.java:165)
	at org.springframework.boot.actuate.autoconfigure.endpoint.expose.IncludeExcludeEndpointFilter.<init>(IncludeExcludeEndpointFilter.java:89)
	at org.springframework.boot.actuate.autoconfigure.endpoint.expose.IncludeExcludeEndpointFilter.<init>(IncludeExcludeEndpointFilter.java:64)
	at org.springframework.boot.actuate.autoconfigure.endpoint.condition.OnAvailableEndpointCondition$StandardExposureOutcomeContributor.<init>(OnAvailableEndpointCondition.java:207)
	at org.springframework.boot.actuate.autoconfigure.endpoint.condition.OnAvailableEndpointCondition.getExposureOutcomeContributors(OnAvailableEndpointCondition.java:174)
	at org.springframework.boot.actuate.autoconfigure.endpoint.condition.OnAvailableEndpointCondition.getExposureOutcome(OnAvailableEndpointCondition.java:144)
	at org.springframework.boot.actuate.autoconfigure.endpoint.condition.OnAvailableEndpointCondition.getMatchOutcome(OnAvailableEndpointCondition.java:121)
	at org.springframework.boot.actuate.autoconfigure.endpoint.condition.OnAvailableEndpointCondition.getMatchOutcome(OnAvailableEndpointCondition.java:78)
	at org.springframework.boot.autoconfigure.condition.SpringBootCondition.matches(SpringBootCondition.java:47)
	... 21 common frames omitted
2026-04-02 09:00:15 [main] INFO  c.V.W.WigellMcRentalApplication - Starting WigellMcRentalApplication using Java 24.0.2 with PID 32436 (C:\Users\Vivi\IdeaProjects\CGrupp\Wigell-MC-Rental\target\classes started by Vivi in C:\Users\Vivi\IdeaProjects\CGrupp\Wigell-MC-Rental)
2026-04-02 09:00:15 [main] INFO  c.V.W.WigellMcRentalApplication - No active profile set, falling back to 1 default profile: "default"
2026-04-02 09:00:20 [main] INFO  o.s.d.r.c.RepositoryConfigurationDelegate - Bootstrapping Spring Data JPA repositories in DEFAULT mode.
2026-04-02 09:00:20 [main] INFO  o.s.d.r.c.RepositoryConfigurationDelegate - Finished Spring Data repository scanning in 126 ms. Found 4 JPA repository interfaces.
2026-04-02 09:00:21 [main] INFO  o.s.b.w.e.tomcat.TomcatWebServer - Tomcat initialized with port 8585 (http)
2026-04-02 09:00:22 [main] INFO  o.a.catalina.core.StandardService - Starting service [Tomcat]
2026-04-02 09:00:22 [main] INFO  o.a.catalina.core.StandardEngine - Starting Servlet engine: [Apache Tomcat/10.1.52]
2026-04-02 09:00:22 [main] INFO  o.a.c.c.C.[Tomcat].[localhost].[/] - Initializing Spring embedded WebApplicationContext
2026-04-02 09:00:22 [main] INFO  o.s.b.w.s.c.ServletWebServerApplicationContext - Root WebApplicationContext: initialization completed in 6813 ms
2026-04-02 09:00:22 [main] INFO  o.h.jpa.internal.util.LogHelper - HHH000204: Processing PersistenceUnitInfo [name: default]
2026-04-02 09:00:22 [main] INFO  org.hibernate.Version - HHH000412: Hibernate ORM core version 6.6.44.Final
2026-04-02 09:00:22 [main] INFO  o.h.c.i.RegionFactoryInitiator - HHH000026: Second-level cache disabled
2026-04-02 09:00:23 [main] INFO  o.s.o.j.p.SpringPersistenceUnitInfo - No LoadTimeWeaver setup: ignoring JPA class transformer
2026-04-02 09:00:23 [main] INFO  com.zaxxer.hikari.HikariDataSource - HikariPool-1 - Starting...
2026-04-02 09:00:24 [main] INFO  com.zaxxer.hikari.pool.HikariPool - HikariPool-1 - Added connection com.mysql.cj.jdbc.ConnectionImpl@71de1091
2026-04-02 09:00:24 [main] INFO  com.zaxxer.hikari.HikariDataSource - HikariPool-1 - Start completed.
2026-04-02 09:00:24 [main] WARN  org.hibernate.orm.deprecation - HHH90000025: MySQLDialect does not need to be specified explicitly using 'hibernate.dialect' (remove the property setting and it will be selected by default)
2026-04-02 09:00:24 [main] INFO  o.hibernate.orm.connections.pooling - HHH10001005: Database info:
	Database JDBC URL [Connecting through datasource 'HikariDataSource (HikariPool-1)']
	Database driver: undefined/unknown
	Database version: 8.0.44
	Autocommit mode: undefined/unknown
	Isolation level: undefined/unknown
	Minimum pool size: undefined/unknown
	Maximum pool size: undefined/unknown
2026-04-02 09:00:26 [main] INFO  o.h.e.t.j.p.i.JtaPlatformInitiator - HHH000489: No JTA platform available (set 'hibernate.transaction.jta.platform' to enable JTA platform integration)
2026-04-02 09:00:26 [main] INFO  o.s.o.j.LocalContainerEntityManagerFactoryBean - Initialized JPA EntityManagerFactory for persistence unit 'default'
2026-04-02 09:00:28 [main] WARN  o.s.b.a.o.j.JpaBaseConfiguration$JpaWebConfiguration - spring.jpa.open-in-view is enabled by default. Therefore, database queries may be performed during view rendering. Explicitly configure spring.jpa.open-in-view to disable this warning
2026-04-02 09:00:28 [main] INFO  o.s.b.a.e.web.EndpointLinksResolver - Exposing 13 endpoints beneath base path '/actuator'
2026-04-02 09:00:30 [main] INFO  o.s.b.w.e.tomcat.TomcatWebServer - Tomcat started on port 8585 (http) with context path '/'
2026-04-02 09:00:30 [main] INFO  c.V.W.WigellMcRentalApplication - Started WigellMcRentalApplication in 16.07 seconds (process running for 18.253)
2026-04-02 09:00:30 [registrationTask1] INFO  d.c.b.a.c.r.ApplicationRegistrator - Application registered itself as d65ee271ccad
2026-04-02 09:00:30 [http-nio-8585-exec-1] INFO  o.a.c.c.C.[Tomcat].[localhost].[/] - Initializing Spring DispatcherServlet 'dispatcherServlet'
2026-04-02 09:00:30 [http-nio-8585-exec-1] INFO  o.s.web.servlet.DispatcherServlet - Initializing Servlet 'dispatcherServlet'
2026-04-02 09:00:30 [http-nio-8585-exec-1] INFO  o.s.web.servlet.DispatcherServlet - Completed initialization in 2 ms
2026-04-02 09:01:48 [SpringApplicationShutdownHook] INFO  o.s.b.w.e.tomcat.GracefulShutdown - Commencing graceful shutdown. Waiting for active requests to complete
2026-04-02 09:01:48 [tomcat-shutdown] INFO  o.s.b.w.e.tomcat.GracefulShutdown - Graceful shutdown complete
2026-04-02 09:01:49 [SpringApplicationShutdownHook] INFO  o.s.o.j.LocalContainerEntityManagerFactoryBean - Closing JPA EntityManagerFactory for persistence unit 'default'
2026-04-02 09:01:49 [SpringApplicationShutdownHook] INFO  com.zaxxer.hikari.HikariDataSource - HikariPool-1 - Shutdown initiated...
2026-04-02 09:01:49 [SpringApplicationShutdownHook] INFO  com.zaxxer.hikari.HikariDataSource - HikariPool-1 - Shutdown completed.
2026-04-02 09:02:10 [main] INFO  c.V.W.WigellMcRentalApplication - Starting WigellMcRentalApplication using Java 24.0.2 with PID 46184 (C:\Users\Vivi\IdeaProjects\CGrupp\Wigell-MC-Rental\target\classes started by Vivi in C:\Users\Vivi\IdeaProjects\CGrupp\Wigell-MC-Rental)
2026-04-02 09:02:10 [main] INFO  c.V.W.WigellMcRentalApplication - No active profile set, falling back to 1 default profile: "default"
2026-04-02 09:02:13 [main] INFO  o.s.d.r.c.RepositoryConfigurationDelegate - Bootstrapping Spring Data JPA repositories in DEFAULT mode.
2026-04-02 09:02:13 [main] INFO  o.s.d.r.c.RepositoryConfigurationDelegate - Finished Spring Data repository scanning in 132 ms. Found 4 JPA repository interfaces.
2026-04-02 09:02:14 [main] INFO  o.s.b.w.e.tomcat.TomcatWebServer - Tomcat initialized with port 8585 (http)
2026-04-02 09:02:14 [main] INFO  o.a.catalina.core.StandardService - Starting service [Tomcat]
2026-04-02 09:02:14 [main] INFO  o.a.catalina.core.StandardEngine - Starting Servlet engine: [Apache Tomcat/10.1.52]
2026-04-02 09:02:15 [main] INFO  o.a.c.c.C.[Tomcat].[localhost].[/] - Initializing Spring embedded WebApplicationContext
2026-04-02 09:02:15 [main] INFO  o.s.b.w.s.c.ServletWebServerApplicationContext - Root WebApplicationContext: initialization completed in 4645 ms
2026-04-02 09:02:15 [main] INFO  o.h.jpa.internal.util.LogHelper - HHH000204: Processing PersistenceUnitInfo [name: default]
2026-04-02 09:02:15 [main] INFO  org.hibernate.Version - HHH000412: Hibernate ORM core version 6.6.44.Final
2026-04-02 09:02:15 [main] INFO  o.h.c.i.RegionFactoryInitiator - HHH000026: Second-level cache disabled
2026-04-02 09:02:16 [main] INFO  o.s.o.j.p.SpringPersistenceUnitInfo - No LoadTimeWeaver setup: ignoring JPA class transformer
2026-04-02 09:02:16 [main] INFO  com.zaxxer.hikari.HikariDataSource - HikariPool-1 - Starting...
2026-04-02 09:02:17 [main] INFO  com.zaxxer.hikari.pool.HikariPool - HikariPool-1 - Added connection com.mysql.cj.jdbc.ConnectionImpl@50008974
2026-04-02 09:02:17 [main] INFO  com.zaxxer.hikari.HikariDataSource - HikariPool-1 - Start completed.
2026-04-02 09:02:17 [main] WARN  org.hibernate.orm.deprecation - HHH90000025: MySQLDialect does not need to be specified explicitly using 'hibernate.dialect' (remove the property setting and it will be selected by default)
2026-04-02 09:02:17 [main] INFO  o.hibernate.orm.connections.pooling - HHH10001005: Database info:
	Database JDBC URL [Connecting through datasource 'HikariDataSource (HikariPool-1)']
	Database driver: undefined/unknown
	Database version: 8.0.44
	Autocommit mode: undefined/unknown
	Isolation level: undefined/unknown
	Minimum pool size: undefined/unknown
	Maximum pool size: undefined/unknown
2026-04-02 09:02:19 [main] INFO  o.h.e.t.j.p.i.JtaPlatformInitiator - HHH000489: No JTA platform available (set 'hibernate.transaction.jta.platform' to enable JTA platform integration)
2026-04-02 09:02:19 [main] INFO  o.s.o.j.LocalContainerEntityManagerFactoryBean - Initialized JPA EntityManagerFactory for persistence unit 'default'
2026-04-02 09:02:21 [main] WARN  o.s.b.a.o.j.JpaBaseConfiguration$JpaWebConfiguration - spring.jpa.open-in-view is enabled by default. Therefore, database queries may be performed during view rendering. Explicitly configure spring.jpa.open-in-view to disable this warning
2026-04-02 09:02:21 [main] INFO  o.s.b.a.e.web.EndpointLinksResolver - Exposing 13 endpoints beneath base path '/actuator'
2026-04-02 09:02:22 [main] INFO  o.s.b.w.e.tomcat.TomcatWebServer - Tomcat started on port 8585 (http) with context path '/'
2026-04-02 09:02:22 [main] INFO  c.V.W.WigellMcRentalApplication - Started WigellMcRentalApplication in 13.804 seconds (process running for 18.31)
2026-04-02 09:02:23 [registrationTask1] INFO  d.c.b.a.c.r.ApplicationRegistrator - Application registered itself as d65ee271ccad
2026-04-02 09:02:23 [http-nio-8585-exec-2] INFO  o.a.c.c.C.[Tomcat].[localhost].[/] - Initializing Spring DispatcherServlet 'dispatcherServlet'
2026-04-02 09:02:23 [http-nio-8585-exec-2] INFO  o.s.web.servlet.DispatcherServlet - Initializing Servlet 'dispatcherServlet'
2026-04-02 09:02:23 [http-nio-8585-exec-2] INFO  o.s.web.servlet.DispatcherServlet - Completed initialization in 2 ms
2026-04-02 10:44:03 [SpringApplicationShutdownHook] INFO  o.s.b.w.e.tomcat.GracefulShutdown - Commencing graceful shutdown. Waiting for active requests to complete
2026-04-02 10:44:03 [tomcat-shutdown] INFO  o.s.b.w.e.tomcat.GracefulShutdown - Graceful shutdown complete
2026-04-02 10:44:04 [SpringApplicationShutdownHook] INFO  o.s.o.j.LocalContainerEntityManagerFactoryBean - Closing JPA EntityManagerFactory for persistence unit 'default'
2026-04-02 10:44:04 [SpringApplicationShutdownHook] INFO  com.zaxxer.hikari.HikariDataSource - HikariPool-1 - Shutdown initiated...
2026-04-02 10:44:04 [SpringApplicationShutdownHook] INFO  com.zaxxer.hikari.HikariDataSource - HikariPool-1 - Shutdown completed.
2026-04-02 10:44:21 [main] INFO  c.V.W.WigellMcRentalApplication - Starting WigellMcRentalApplication using Java 24.0.2 with PID 44072 (C:\Users\Vivi\IdeaProjects\CGrupp\Wigell-MC-Rental\target\classes started by Vivi in C:\Users\Vivi\IdeaProjects\CGrupp\Wigell-MC-Rental)
2026-04-02 10:44:21 [main] INFO  c.V.W.WigellMcRentalApplication - No active profile set, falling back to 1 default profile: "default"
2026-04-02 10:44:23 [main] INFO  o.s.d.r.c.RepositoryConfigurationDelegate - Bootstrapping Spring Data JPA repositories in DEFAULT mode.
2026-04-02 10:44:23 [main] INFO  o.s.d.r.c.RepositoryConfigurationDelegate - Finished Spring Data repository scanning in 106 ms. Found 4 JPA repository interfaces.
2026-04-02 10:44:24 [main] INFO  o.s.b.w.e.tomcat.TomcatWebServer - Tomcat initialized with port 8585 (http)
2026-04-02 10:44:24 [main] INFO  o.a.catalina.core.StandardService - Starting service [Tomcat]
2026-04-02 10:44:24 [main] INFO  o.a.catalina.core.StandardEngine - Starting Servlet engine: [Apache Tomcat/10.1.52]
2026-04-02 10:44:25 [main] INFO  o.a.c.c.C.[Tomcat].[localhost].[/] - Initializing Spring embedded WebApplicationContext
2026-04-02 10:44:25 [main] INFO  o.s.b.w.s.c.ServletWebServerApplicationContext - Root WebApplicationContext: initialization completed in 3617 ms
2026-04-02 10:44:26 [main] INFO  o.h.jpa.internal.util.LogHelper - HHH000204: Processing PersistenceUnitInfo [name: default]
2026-04-02 10:44:27 [main] INFO  org.hibernate.Version - HHH000412: Hibernate ORM core version 6.6.44.Final
2026-04-02 10:44:27 [main] INFO  o.h.c.i.RegionFactoryInitiator - HHH000026: Second-level cache disabled
2026-04-02 10:44:27 [main] INFO  o.s.o.j.p.SpringPersistenceUnitInfo - No LoadTimeWeaver setup: ignoring JPA class transformer
2026-04-02 10:44:27 [main] INFO  com.zaxxer.hikari.HikariDataSource - HikariPool-1 - Starting...
2026-04-02 10:44:28 [main] INFO  com.zaxxer.hikari.pool.HikariPool - HikariPool-1 - Added connection com.mysql.cj.jdbc.ConnectionImpl@4745bcc6
2026-04-02 10:44:28 [main] INFO  com.zaxxer.hikari.HikariDataSource - HikariPool-1 - Start completed.
2026-04-02 10:44:28 [main] WARN  org.hibernate.orm.deprecation - HHH90000025: MySQLDialect does not need to be specified explicitly using 'hibernate.dialect' (remove the property setting and it will be selected by default)
2026-04-02 10:44:28 [main] INFO  o.hibernate.orm.connections.pooling - HHH10001005: Database info:
	Database JDBC URL [Connecting through datasource 'HikariDataSource (HikariPool-1)']
	Database driver: undefined/unknown
	Database version: 8.0.44
	Autocommit mode: undefined/unknown
	Isolation level: undefined/unknown
	Minimum pool size: undefined/unknown
	Maximum pool size: undefined/unknown
2026-04-02 10:44:32 [main] INFO  o.h.e.t.j.p.i.JtaPlatformInitiator - HHH000489: No JTA platform available (set 'hibernate.transaction.jta.platform' to enable JTA platform integration)
2026-04-02 10:44:32 [main] INFO  o.s.o.j.LocalContainerEntityManagerFactoryBean - Initialized JPA EntityManagerFactory for persistence unit 'default'
2026-04-02 10:44:33 [main] WARN  o.s.b.a.o.j.JpaBaseConfiguration$JpaWebConfiguration - spring.jpa.open-in-view is enabled by default. Therefore, database queries may be performed during view rendering. Explicitly configure spring.jpa.open-in-view to disable this warning
2026-04-02 10:44:34 [main] INFO  o.s.b.a.e.web.EndpointLinksResolver - Exposing 13 endpoints beneath base path '/actuator'
2026-04-02 10:44:35 [main] INFO  o.s.b.w.e.tomcat.TomcatWebServer - Tomcat started on port 8585 (http) with context path '/'
2026-04-02 10:44:35 [main] INFO  c.V.W.WigellMcRentalApplication - Started WigellMcRentalApplication in 15.68 seconds (process running for 18.507)
2026-04-02 10:44:36 [registrationTask1] INFO  d.c.b.a.c.r.ApplicationRegistrator - Application registered itself as d65ee271ccad
2026-04-02 10:44:36 [http-nio-8585-exec-1] INFO  o.a.c.c.C.[Tomcat].[localhost].[/] - Initializing Spring DispatcherServlet 'dispatcherServlet'
2026-04-02 10:44:36 [http-nio-8585-exec-1] INFO  o.s.web.servlet.DispatcherServlet - Initializing Servlet 'dispatcherServlet'
2026-04-02 10:44:36 [http-nio-8585-exec-1] INFO  o.s.web.servlet.DispatcherServlet - Completed initialization in 2 ms
2026-04-02 11:22:53 [SpringApplicationShutdownHook] INFO  o.s.b.w.e.tomcat.GracefulShutdown - Commencing graceful shutdown. Waiting for active requests to complete
2026-04-02 11:22:53 [tomcat-shutdown] INFO  o.s.b.w.e.tomcat.GracefulShutdown - Graceful shutdown complete
2026-04-02 11:22:54 [SpringApplicationShutdownHook] INFO  o.s.o.j.LocalContainerEntityManagerFactoryBean - Closing JPA EntityManagerFactory for persistence unit 'default'
2026-04-02 11:22:54 [SpringApplicationShutdownHook] INFO  com.zaxxer.hikari.HikariDataSource - HikariPool-1 - Shutdown initiated...
2026-04-02 11:22:54 [SpringApplicationShutdownHook] INFO  com.zaxxer.hikari.HikariDataSource - HikariPool-1 - Shutdown completed.
2026-04-02 11:23:26 [main] INFO  c.V.W.WigellMcRentalApplication - Starting WigellMcRentalApplication using Java 24.0.2 with PID 45248 (C:\Users\Vivi\IdeaProjects\CGrupp\Wigell-MC-Rental\target\classes started by Vivi in C:\Users\Vivi\IdeaProjects\CGrupp\Wigell-MC-Rental)
2026-04-02 11:23:26 [main] INFO  c.V.W.WigellMcRentalApplication - No active profile set, falling back to 1 default profile: "default"
2026-04-02 11:23:28 [main] INFO  o.s.d.r.c.RepositoryConfigurationDelegate - Bootstrapping Spring Data JPA repositories in DEFAULT mode.
2026-04-02 11:23:28 [main] INFO  o.s.d.r.c.RepositoryConfigurationDelegate - Finished Spring Data repository scanning in 79 ms. Found 4 JPA repository interfaces.
2026-04-02 11:23:30 [main] INFO  o.s.b.w.e.tomcat.TomcatWebServer - Tomcat initialized with port 8585 (http)
2026-04-02 11:23:30 [main] INFO  o.a.catalina.core.StandardService - Starting service [Tomcat]
2026-04-02 11:23:30 [main] INFO  o.a.catalina.core.StandardEngine - Starting Servlet engine: [Apache Tomcat/10.1.52]
2026-04-02 11:23:31 [main] INFO  o.a.c.c.C.[Tomcat].[localhost].[/] - Initializing Spring embedded WebApplicationContext
2026-04-02 11:23:31 [main] INFO  o.s.b.w.s.c.ServletWebServerApplicationContext - Root WebApplicationContext: initialization completed in 4207 ms
2026-04-02 11:23:31 [main] INFO  o.h.jpa.internal.util.LogHelper - HHH000204: Processing PersistenceUnitInfo [name: default]
2026-04-02 11:23:31 [main] INFO  org.hibernate.Version - HHH000412: Hibernate ORM core version 6.6.44.Final
2026-04-02 11:23:31 [main] INFO  o.h.c.i.RegionFactoryInitiator - HHH000026: Second-level cache disabled
2026-04-02 11:23:32 [main] INFO  o.s.o.j.p.SpringPersistenceUnitInfo - No LoadTimeWeaver setup: ignoring JPA class transformer
2026-04-02 11:23:32 [main] INFO  com.zaxxer.hikari.HikariDataSource - HikariPool-1 - Starting...
2026-04-02 11:23:32 [main] INFO  com.zaxxer.hikari.pool.HikariPool - HikariPool-1 - Added connection com.mysql.cj.jdbc.ConnectionImpl@53551fef
2026-04-02 11:23:32 [main] INFO  com.zaxxer.hikari.HikariDataSource - HikariPool-1 - Start completed.
2026-04-02 11:23:33 [main] WARN  org.hibernate.orm.deprecation - HHH90000025: MySQLDialect does not need to be specified explicitly using 'hibernate.dialect' (remove the property setting and it will be selected by default)
2026-04-02 11:23:33 [main] INFO  o.hibernate.orm.connections.pooling - HHH10001005: Database info:
	Database JDBC URL [Connecting through datasource 'HikariDataSource (HikariPool-1)']
	Database driver: undefined/unknown
	Database version: 8.0.44
	Autocommit mode: undefined/unknown
	Isolation level: undefined/unknown
	Minimum pool size: undefined/unknown
	Maximum pool size: undefined/unknown
2026-04-02 11:23:34 [main] INFO  o.h.e.t.j.p.i.JtaPlatformInitiator - HHH000489: No JTA platform available (set 'hibernate.transaction.jta.platform' to enable JTA platform integration)
2026-04-02 11:23:34 [main] INFO  o.s.o.j.LocalContainerEntityManagerFactoryBean - Initialized JPA EntityManagerFactory for persistence unit 'default'
2026-04-02 11:23:35 [main] WARN  o.s.b.a.o.j.JpaBaseConfiguration$JpaWebConfiguration - spring.jpa.open-in-view is enabled by default. Therefore, database queries may be performed during view rendering. Explicitly configure spring.jpa.open-in-view to disable this warning
2026-04-02 11:23:36 [main] INFO  o.s.b.a.e.web.EndpointLinksResolver - Exposing 13 endpoints beneath base path '/actuator'
2026-04-02 11:23:37 [main] INFO  o.s.b.w.e.tomcat.TomcatWebServer - Tomcat started on port 8585 (http) with context path '/'
2026-04-02 11:23:37 [main] INFO  c.V.W.WigellMcRentalApplication - Started WigellMcRentalApplication in 11.665 seconds (process running for 13.518)
2026-04-02 11:23:37 [registrationTask1] INFO  d.c.b.a.c.r.ApplicationRegistrator - Application registered itself as d65ee271ccad
2026-04-02 11:23:37 [http-nio-8585-exec-1] INFO  o.a.c.c.C.[Tomcat].[localhost].[/] - Initializing Spring DispatcherServlet 'dispatcherServlet'
2026-04-02 11:23:37 [http-nio-8585-exec-1] INFO  o.s.web.servlet.DispatcherServlet - Initializing Servlet 'dispatcherServlet'
2026-04-02 11:23:37 [http-nio-8585-exec-1] INFO  o.s.web.servlet.DispatcherServlet - Completed initialization in 2 ms
2026-04-02 12:20:10 [HikariPool-1:housekeeper] WARN  com.zaxxer.hikari.pool.HikariPool - HikariPool-1 - Thread starvation or clock leap detected (housekeeper delta=31m6s812ms306µs900ns).
2026-04-02 12:20:37 [registrationTask1] WARN  d.c.b.a.c.r.ApplicationRegistrator - Failed to register application as Application(name=spring-boot-application, managementUrl=http://host.docker.internal:8585/actuator, healthUrl=http://host.docker.internal:8585/actuator/health, serviceUrl=http://host.docker.internal:8585/) at spring-boot-admin ([http://localhost:8081/instances]): I/O error on POST request for "http://localhost:8081/instances": Request cancelled. Further attempts are logged on DEBUG level
2026-04-02 12:59:00 [SpringApplicationShutdownHook] INFO  o.s.b.w.e.tomcat.GracefulShutdown - Commencing graceful shutdown. Waiting for active requests to complete
2026-04-02 12:59:01 [tomcat-shutdown] INFO  o.s.b.w.e.tomcat.GracefulShutdown - Graceful shutdown complete
2026-04-02 12:59:02 [SpringApplicationShutdownHook] INFO  o.s.o.j.LocalContainerEntityManagerFactoryBean - Closing JPA EntityManagerFactory for persistence unit 'default'
2026-04-02 12:59:03 [SpringApplicationShutdownHook] INFO  com.zaxxer.hikari.HikariDataSource - HikariPool-1 - Shutdown initiated...
2026-04-02 12:59:03 [SpringApplicationShutdownHook] INFO  com.zaxxer.hikari.HikariDataSource - HikariPool-1 - Shutdown completed.
